[2022-02-08T11:50:39.541Z] Validating found git in: git
[2022-02-08T11:50:39.595Z] Using git 2.25.1 from git
[2022-02-08T11:50:39.816Z] > git rev-parse --git-dir [39ms]
[2022-02-08T11:50:39.826Z] Open repository: /home/raramuri/Todo-list
[2022-02-08T11:50:39.859Z] > git symbolic-ref --short HEAD [3ms]
[2022-02-08T11:50:39.871Z] > git for-each-ref --format=%(refname)%00%(upstream:short)%00%(objectname)%00%(upstream:track) refs/heads/master refs/remotes/master [3ms]
[2022-02-08T11:50:39.899Z] > git for-each-ref --sort -committerdate --format %(refname) %(objectname) %(*objectname) [14ms]
[2022-02-08T11:50:39.902Z] > git remote --verbose [7ms]
[2022-02-08T11:50:39.920Z] > git config --get commit.template [3ms]
[2022-02-08T11:50:40.213Z] > git ls-files --stage -- /home/raramuri/Todo-list/script.js [26ms]
[2022-02-08T11:50:40.240Z] > git cat-file -s 8be690f2d811b46bc615b52421ada34bec5a4080 [11ms]
[2022-02-08T11:50:45.315Z] > git ls-files --stage -- /home/raramuri/Todo-list/index.html [3ms]
[2022-02-08T11:50:45.328Z] > git cat-file -s 50f3a694efdfac6248612709a858c9ddceffdb80 [1ms]
[2022-02-08T11:53:47.695Z] > git symbolic-ref --short HEAD [3ms]
[2022-02-08T11:53:47.705Z] > git for-each-ref --format=%(refname)%00%(upstream:short)%00%(objectname)%00%(upstream:track) refs/heads/master refs/remotes/master [3ms]
[2022-02-08T11:53:47.721Z] > git for-each-ref --sort -committerdate --format %(refname) %(objectname) %(*objectname) [7ms]
[2022-02-08T11:53:47.722Z] > git remote --verbose [3ms]
[2022-02-08T11:53:47.737Z] > git config --get commit.template [2ms]
[2022-02-08T11:53:56.161Z] > git ls-files --stage -- /home/raramuri/Todo-list/script.js [4ms]
[2022-02-08T11:53:56.169Z] > git cat-file -s 8be690f2d811b46bc615b52421ada34bec5a4080 [2ms]
[2022-02-08T11:54:02.742Z] > git ls-files --stage -- /home/raramuri/Todo-list/index.html [3ms]
[2022-02-08T11:54:02.749Z] > git cat-file -s 50f3a694efdfac6248612709a858c9ddceffdb80 [2ms]
[2022-02-08T11:54:12.903Z] > git ls-files --stage -- /home/raramuri/Todo-list/script.js [5ms]
[2022-02-08T11:54:12.911Z] > git cat-file -s 8be690f2d811b46bc615b52421ada34bec5a4080 [2ms]
[2022-02-08T11:55:46.311Z] > git ls-files --stage -- /home/raramuri/Todo-list/index.html [2ms]
[2022-02-08T11:55:46.321Z] > git cat-file -s 50f3a694efdfac6248612709a858c9ddceffdb80 [3ms]
[2022-02-08T11:55:49.123Z] > git ls-files --stage -- /home/raramuri/Todo-list/script.js [2ms]
[2022-02-08T11:55:49.140Z] > git cat-file -s 8be690f2d811b46bc615b52421ada34bec5a4080 [4ms]
[2022-02-08T11:57:07.205Z] > git ls-files --stage -- /home/raramuri/Todo-list/index.html [2ms]
[2022-02-08T11:57:07.212Z] > git cat-file -s 50f3a694efdfac6248612709a858c9ddceffdb80 [1ms]
[2022-02-08T11:57:18.861Z] > git ls-files --stage -- /home/raramuri/Todo-list/script.js [5ms]
[2022-02-08T11:57:18.881Z] > git cat-file -s 8be690f2d811b46bc615b52421ada34bec5a4080 [2ms]
[2022-02-08T11:57:55.133Z] > git ls-files --stage -- /home/raramuri/Todo-list/index.html [4ms]
[2022-02-08T11:57:55.146Z] > git cat-file -s 50f3a694efdfac6248612709a858c9ddceffdb80 [3ms]
[2022-02-08T11:57:57.387Z] > git ls-files --stage -- /home/raramuri/Todo-list/script.js [18ms]
[2022-02-08T11:57:57.401Z] > git cat-file -s 8be690f2d811b46bc615b52421ada34bec5a4080 [3ms]
[2022-02-08T12:05:10.344Z] > git ls-files --stage -- /home/raramuri/Todo-list/styles.css [4ms]
[2022-02-08T12:05:10.353Z] > git cat-file -s 5bd2153ad85978cf4c8d5923abd983c503f0bfd4 [1ms]
[2022-02-08T12:05:16.771Z] > git ls-files --stage -- /home/raramuri/Todo-list/script.js [3ms]
[2022-02-08T12:05:16.779Z] > git cat-file -s 8be690f2d811b46bc615b52421ada34bec5a4080 [2ms]
[2022-02-08T12:05:18.257Z] > git ls-files --stage -- /home/raramuri/Todo-list/styles.css [1ms]
[2022-02-08T12:05:18.265Z] > git cat-file -s 5bd2153ad85978cf4c8d5923abd983c503f0bfd4 [1ms]
[2022-02-08T12:05:22.902Z] > git ls-files --stage -- /home/raramuri/Todo-list/script.js [2ms]
[2022-02-08T12:05:22.910Z] > git cat-file -s 8be690f2d811b46bc615b52421ada34bec5a4080 [1ms]
[2022-02-08T12:07:25.239Z] > git ls-files --stage -- /home/raramuri/Todo-list/index.html [5ms]
[2022-02-08T12:07:25.258Z] > git cat-file -s 50f3a694efdfac6248612709a858c9ddceffdb80 [5ms]
[2022-02-08T12:07:31.423Z] > git ls-files --stage -- /home/raramuri/Todo-list/script.js [7ms]
[2022-02-08T12:07:31.462Z] > git cat-file -s 8be690f2d811b46bc615b52421ada34bec5a4080 [8ms]
[2022-02-08T12:08:21.973Z] > git ls-files --stage -- /home/raramuri/Todo-list/index.html [2ms]
[2022-02-08T12:08:21.980Z] > git cat-file -s 50f3a694efdfac6248612709a858c9ddceffdb80 [2ms]
