[2022-02-08 17:20:38.757] [exthost] [info] Extension host with pid 35045 started
[2022-02-08 17:20:38.757] [exthost] [info] Skipping acquiring lock for /home/raramuri/.config/Code/User/workspaceStorage/c4f1bd6fce2e5ccb4dda3f4cb8659644.
[2022-02-08 17:20:38.931] [exthost] [info] ExtensionService#_doActivateExtension vscode.typescript-language-features, startup: false, activationEvent: 'onLanguage:javascript'
[2022-02-08 17:20:38.953] [exthost] [info] ExtensionService#_doActivateExtension ritwickdey.LiveServer, startup: false, activationEvent: 'onLanguage:javascript'
[2022-02-08 17:20:39.159] [exthost] [info] ExtensionService#_doActivateExtension vscode.microsoft-authentication, startup: false, activationEvent: 'onAuthenticationRequest:microsoft'
[2022-02-08 17:20:39.178] [exthost] [info] ExtensionService#_doActivateExtension vscode.debug-auto-launch, startup: true, activationEvent: '*'
[2022-02-08 17:20:39.181] [exthost] [info] ExtensionService#_doActivateExtension vscode.git-base, startup: true, activationEvent: '*', root cause: vscode.github
[2022-02-08 17:20:39.184] [exthost] [info] ExtensionService#_doActivateExtension ecmel.vscode-html-css, startup: true, activationEvent: '*'
[2022-02-08 17:20:39.489] [exthost] [info] ExtensionService#_doActivateExtension vscode.git, startup: true, activationEvent: '*'
[2022-02-08 17:20:39.514] [exthost] [info] ExtensionService#_doActivateExtension vscode.github, startup: true, activationEvent: '*'
[2022-02-08 17:20:39.611] [exthost] [info] Eager extensions activated
[2022-02-08 17:20:39.614] [exthost] [info] ExtensionService#_doActivateExtension vscode.github-authentication, startup: false, activationEvent: 'onAuthenticationRequest:github'
[2022-02-08 17:20:39.679] [exthost] [info] ExtensionService#_doActivateExtension vscode.emmet, startup: false, activationEvent: 'onStartupFinished'
[2022-02-08 17:20:39.688] [exthost] [info] ExtensionService#_doActivateExtension vscode.merge-conflict, startup: false, activationEvent: 'onStartupFinished'
[2022-02-08 17:20:39.691] [exthost] [info] ExtensionService#_doActivateExtension formulahendry.code-runner, startup: false, activationEvent: 'onStartupFinished'
[2022-02-08 17:20:45.090] [exthost] [info] ExtensionService#_doActivateExtension vscode.html-language-features, startup: false, activationEvent: 'onLanguage:html'
[2022-02-08 17:21:39.807] [exthost] [info] ExtensionService#_doActivateExtension techer.open-in-browser, startup: false, activationEvent: 'onCommand:extension.openInSpecifyBrowser'
[2022-02-08 17:35:10.097] [exthost] [info] ExtensionService#_doActivateExtension vscode.css-language-features, startup: false, activationEvent: 'onLanguage:css'
[2022-02-08 17:40:58.616] [exthost] [info] extension host terminating: renderer closed the socket
[2022-02-08 17:40:58.637] [exthost] [info] Extension host with pid 35045 exiting with code 0
