[2022-02-08T11:34:33.889Z] Validating found git in: git
[2022-02-08T11:34:33.924Z] Using git 2.25.1 from git
[2022-02-08T11:34:34.007Z] > git rev-parse --git-dir [38ms]
[2022-02-08T11:34:34.012Z] Open repository: /home/raramuri/Todo-list
[2022-02-08T11:34:34.048Z] > git symbolic-ref --short HEAD [2ms]
[2022-02-08T11:34:34.060Z] > git for-each-ref --format=%(refname)%00%(upstream:short)%00%(objectname)%00%(upstream:track) refs/heads/master refs/remotes/master [3ms]
[2022-02-08T11:34:34.081Z] > git remote --verbose [8ms]
[2022-02-08T11:34:34.082Z] > git for-each-ref --sort -committerdate --format %(refname) %(objectname) %(*objectname) [15ms]
[2022-02-08T11:34:34.094Z] > git config --get commit.template [2ms]
[2022-02-08T11:34:35.298Z] > git ls-files --stage -- /home/raramuri/Todo-list/index.html [44ms]
[2022-02-08T11:34:35.311Z] > git cat-file -s 50f3a694efdfac6248612709a858c9ddceffdb80 [3ms]
[2022-02-08T11:34:37.373Z] > git ls-files --stage -- /home/raramuri/Todo-list/script.js [2ms]
[2022-02-08T11:34:37.383Z] > git cat-file -s 8be690f2d811b46bc615b52421ada34bec5a4080 [2ms]
[2022-02-08T11:34:38.747Z] > git ls-files --stage -- /home/raramuri/Todo-list/index.html [15ms]
[2022-02-08T11:34:38.762Z] > git cat-file -s 50f3a694efdfac6248612709a858c9ddceffdb80 [3ms]
[2022-02-08T11:34:40.515Z] > git ls-files --stage -- /home/raramuri/Todo-list/script.js [6ms]
[2022-02-08T11:34:40.534Z] > git cat-file -s 8be690f2d811b46bc615b52421ada34bec5a4080 [5ms]
[2022-02-08T11:34:42.533Z] > git ls-files --stage -- /home/raramuri/Todo-list/styles.css [6ms]
[2022-02-08T11:34:42.553Z] > git cat-file -s 5bd2153ad85978cf4c8d5923abd983c503f0bfd4 [10ms]
[2022-02-08T11:34:47.117Z] > git ls-files --stage -- /home/raramuri/Todo-list/index.html [2ms]
[2022-02-08T11:34:47.125Z] > git cat-file -s 50f3a694efdfac6248612709a858c9ddceffdb80 [2ms]
[2022-02-08T11:34:47.712Z] > git ls-files --stage -- /home/raramuri/Todo-list/script.js [3ms]
[2022-02-08T11:34:47.723Z] > git cat-file -s 8be690f2d811b46bc615b52421ada34bec5a4080 [2ms]
[2022-02-08T11:34:50.872Z] > git ls-files --stage -- /home/raramuri/Todo-list/index.html [2ms]
[2022-02-08T11:34:50.883Z] > git cat-file -s 50f3a694efdfac6248612709a858c9ddceffdb80 [3ms]
[2022-02-08T11:49:36.692Z] > git ls-files --stage -- /home/raramuri/Todo-list/styles.css [1ms]
[2022-02-08T11:49:36.699Z] > git cat-file -s 5bd2153ad85978cf4c8d5923abd983c503f0bfd4 [2ms]
[2022-02-08T11:49:40.003Z] > git ls-files --stage -- /home/raramuri/Todo-list/script.js [7ms]
[2022-02-08T11:49:40.032Z] > git cat-file -s 8be690f2d811b46bc615b52421ada34bec5a4080 [4ms]
