[2022-02-09 17:10:46.524] [exthost] [info] Extension host with pid 7939 started
[2022-02-09 17:10:46.524] [exthost] [info] Skipping acquiring lock for /home/raramuri/.config/Code/User/workspaceStorage/c4f1bd6fce2e5ccb4dda3f4cb8659644.
[2022-02-09 17:10:46.769] [exthost] [info] ExtensionService#_doActivateExtension vscode.html-language-features, startup: false, activationEvent: 'onLanguage:html'
[2022-02-09 17:10:46.803] [exthost] [info] ExtensionService#_doActivateExtension ritwickdey.LiveServer, startup: false, activationEvent: 'onLanguage:html'
[2022-02-09 17:10:47.107] [exthost] [info] ExtensionService#_doActivateExtension vscode.microsoft-authentication, startup: false, activationEvent: 'onAuthenticationRequest:microsoft'
[2022-02-09 17:10:47.138] [exthost] [info] ExtensionService#_doActivateExtension vscode.debug-auto-launch, startup: true, activationEvent: '*'
[2022-02-09 17:10:47.155] [exthost] [info] ExtensionService#_doActivateExtension vscode.git-base, startup: true, activationEvent: '*', root cause: vscode.github
[2022-02-09 17:10:47.158] [exthost] [info] ExtensionService#_doActivateExtension ecmel.vscode-html-css, startup: true, activationEvent: '*'
[2022-02-09 17:10:47.210] [exthost] [info] ExtensionService#_doActivateExtension vscode.git, startup: true, activationEvent: '*'
[2022-02-09 17:10:47.225] [exthost] [info] ExtensionService#_doActivateExtension vscode.github, startup: true, activationEvent: '*'
[2022-02-09 17:10:47.314] [exthost] [info] Eager extensions activated
[2022-02-09 17:10:47.315] [exthost] [info] ExtensionService#_doActivateExtension vscode.github-authentication, startup: false, activationEvent: 'onAuthenticationRequest:github'
[2022-02-09 17:10:47.360] [exthost] [info] ExtensionService#_doActivateExtension vscode.emmet, startup: false, activationEvent: 'onStartupFinished'
[2022-02-09 17:10:47.373] [exthost] [info] ExtensionService#_doActivateExtension vscode.merge-conflict, startup: false, activationEvent: 'onStartupFinished'
[2022-02-09 17:10:47.376] [exthost] [info] ExtensionService#_doActivateExtension formulahendry.code-runner, startup: false, activationEvent: 'onStartupFinished'
[2022-02-09 17:11:11.072] [exthost] [info] extension host terminating: renderer closed the socket
[2022-02-09 17:11:11.084] [exthost] [info] Extension host with pid 7939 exiting with code 0
[2022-02-09 17:11:13.034] [exthost] [info] Extension host with pid 8052 started
[2022-02-09 17:11:13.034] [exthost] [info] Skipping acquiring lock for /home/raramuri/.config/Code/User/workspaceStorage/f73fa28ddae820afd48572b3d7020f8d.
[2022-02-09 17:11:13.118] [exthost] [info] ExtensionService#_doActivateExtension vscode.microsoft-authentication, startup: false, activationEvent: 'onAuthenticationRequest:microsoft'
[2022-02-09 17:11:13.132] [exthost] [info] ExtensionService#_doActivateExtension vscode.debug-auto-launch, startup: true, activationEvent: '*'
[2022-02-09 17:11:13.134] [exthost] [info] ExtensionService#_doActivateExtension vscode.git-base, startup: true, activationEvent: '*', root cause: vscode.github
[2022-02-09 17:11:13.136] [exthost] [info] ExtensionService#_doActivateExtension ecmel.vscode-html-css, startup: true, activationEvent: '*'
[2022-02-09 17:11:13.199] [exthost] [info] ExtensionService#_doActivateExtension vscode.git, startup: true, activationEvent: '*'
[2022-02-09 17:11:13.235] [exthost] [info] ExtensionService#_doActivateExtension vscode.github, startup: true, activationEvent: '*'
[2022-02-09 17:11:13.283] [exthost] [info] Eager extensions activated
[2022-02-09 17:11:13.319] [exthost] [info] ExtensionService#_doActivateExtension vscode.emmet, startup: false, activationEvent: 'onStartupFinished'
[2022-02-09 17:11:13.328] [exthost] [info] ExtensionService#_doActivateExtension vscode.merge-conflict, startup: false, activationEvent: 'onStartupFinished'
[2022-02-09 17:11:13.330] [exthost] [info] ExtensionService#_doActivateExtension formulahendry.code-runner, startup: false, activationEvent: 'onStartupFinished'
[2022-02-09 17:11:13.374] [exthost] [info] ExtensionService#_doActivateExtension vscode.github-authentication, startup: false, activationEvent: 'onAuthenticationRequest:github'
[2022-02-09 17:11:15.784] [exthost] [warning] [Decorations] CAPPING events from decorations provider vscode.git 10000
[2022-02-09 17:11:18.078] [exthost] [info] ExtensionService#_doActivateExtension vscode.html-language-features, startup: false, activationEvent: 'onLanguage:html'
[2022-02-09 17:11:18.094] [exthost] [info] ExtensionService#_doActivateExtension ritwickdey.LiveServer, startup: false, activationEvent: 'onLanguage:html'
[2022-02-09 17:11:24.205] [exthost] [info] ExtensionService#_doActivateExtension vscode.css-language-features, startup: false, activationEvent: 'onLanguage:css'
[2022-02-09 17:11:27.520] [exthost] [info] ExtensionService#_doActivateExtension vscode.typescript-language-features, startup: false, activationEvent: 'onLanguage:javascript'
[2022-02-09 17:55:37.431] [exthost] [info] extension host terminating: renderer closed the socket
[2022-02-09 17:55:37.448] [exthost] [info] Extension host with pid 8052 exiting with code 0
