[2022-02-10T09:35:09.183Z] Validating found git in: git
[2022-02-10T09:35:09.212Z] Using git 2.25.1 from git
[2022-02-10T09:35:09.296Z] > git rev-parse --git-dir [38ms]
[2022-02-10T09:35:09.299Z] Open repository: /home/raramuri/Downloads/wordle-clone
[2022-02-10T09:35:09.347Z] > git symbolic-ref --short HEAD [4ms]
[2022-02-10T09:35:09.356Z] > git for-each-ref --format=%(refname)%00%(upstream:short)%00%(objectname)%00%(upstream:track) refs/heads/main refs/remotes/main [1ms]
[2022-02-10T09:35:09.378Z] > git for-each-ref --sort -committerdate --format %(refname) %(objectname) %(*objectname) [14ms]
[2022-02-10T09:35:09.379Z] > git remote --verbose [8ms]
[2022-02-10T09:35:09.394Z] > git config --get commit.template [2ms]
[2022-02-10T09:36:54.067Z] > git ls-files --stage -- /home/raramuri/Downloads/wordle-clone/index.html [57ms]
[2022-02-10T09:36:54.096Z] > git cat-file -s ab07b68fdd906cd877f757c54223ec8c174e2cca [2ms]
[2022-02-10T09:37:56.345Z] > git ls-files --stage -- /home/raramuri/Downloads/wordle-clone/js/index.js [5ms]
[2022-02-10T09:37:56.355Z] > git cat-file -s f0898be3ac1686d69bc221372444f9423e1548f9 [2ms]
[2022-02-10T09:38:00.555Z] > git ls-files --stage -- /home/raramuri/Downloads/wordle-clone/index.html [2ms]
[2022-02-10T09:38:00.562Z] > git cat-file -s ab07b68fdd906cd877f757c54223ec8c174e2cca [1ms]
[2022-02-10T09:38:07.856Z] > git ls-files --stage -- /home/raramuri/Downloads/wordle-clone/js/lib/words.js [2ms]
[2022-02-10T09:38:07.864Z] > git cat-file -s 316ddf5ea2e56b549fbddbec882057067a34ad07 [1ms]
[2022-02-10T09:38:12.573Z] > git ls-files --stage -- /home/raramuri/Downloads/wordle-clone/js/index.js [2ms]
[2022-02-10T09:38:12.581Z] > git cat-file -s f0898be3ac1686d69bc221372444f9423e1548f9 [2ms]
[2022-02-10T09:38:21.715Z] > git ls-files --stage -- /home/raramuri/Downloads/wordle-clone/index.html [2ms]
[2022-02-10T09:38:21.723Z] > git cat-file -s ab07b68fdd906cd877f757c54223ec8c174e2cca [2ms]
[2022-02-10T09:38:25.954Z] > git ls-files --stage -- /home/raramuri/Downloads/wordle-clone/css/fancy.css [2ms]
[2022-02-10T09:38:25.969Z] > git cat-file -s 63bb434e33d8783991c2d9218f3da5bc929a793d [9ms]
[2022-02-10T09:38:29.511Z] > git ls-files --stage -- /home/raramuri/Downloads/wordle-clone/css/style.css [2ms]
[2022-02-10T09:38:29.519Z] > git cat-file -s beb93891a99db0250f8e625882e7b9f3485360dc [2ms]
[2022-02-10T09:38:35.708Z] > git ls-files --stage -- /home/raramuri/Downloads/wordle-clone/index.html [2ms]
[2022-02-10T09:38:35.720Z] > git cat-file -s ab07b68fdd906cd877f757c54223ec8c174e2cca [4ms]
[2022-02-10T09:38:51.230Z] > git ls-files --stage -- /home/raramuri/Downloads/wordle-clone/js/index.js [3ms]
[2022-02-10T09:38:51.242Z] > git cat-file -s f0898be3ac1686d69bc221372444f9423e1548f9 [3ms]
[2022-02-10T09:39:04.951Z] > git ls-files --stage -- /home/raramuri/Downloads/wordle-clone/index.html [8ms]
[2022-02-10T09:39:04.975Z] > git cat-file -s ab07b68fdd906cd877f757c54223ec8c174e2cca [6ms]
[2022-02-10T09:47:49.415Z] > git ls-files --stage -- /home/raramuri/Downloads/wordle-clone/css/style.css [2ms]
[2022-02-10T09:47:49.422Z] > git cat-file -s beb93891a99db0250f8e625882e7b9f3485360dc [2ms]
[2022-02-10T09:47:57.456Z] > git ls-files --stage -- /home/raramuri/Downloads/wordle-clone/js/index.js [10ms]
[2022-02-10T09:47:57.470Z] > git cat-file -s f0898be3ac1686d69bc221372444f9423e1548f9 [3ms]
[2022-02-10T09:59:30.113Z] > git ls-files --stage -- /home/raramuri/Downloads/wordle-clone/index.html [1ms]
[2022-02-10T09:59:30.121Z] > git cat-file -s ab07b68fdd906cd877f757c54223ec8c174e2cca [1ms]
[2022-02-10T10:02:20.605Z] > git symbolic-ref --short HEAD [2ms]
[2022-02-10T10:02:20.613Z] > git for-each-ref --format=%(refname)%00%(upstream:short)%00%(objectname)%00%(upstream:track) refs/heads/main refs/remotes/main [3ms]
[2022-02-10T10:02:20.628Z] > git for-each-ref --sort -committerdate --format %(refname) %(objectname) %(*objectname) [8ms]
[2022-02-10T10:02:20.630Z] > git remote --verbose [2ms]
[2022-02-10T10:02:20.639Z] > git config --get commit.template [1ms]
[2022-02-10T10:02:25.950Z] > git ls-files --stage -- /home/raramuri/Downloads/wordle-clone/css/fancy.css [2ms]
[2022-02-10T10:02:25.957Z] > git cat-file -s 63bb434e33d8783991c2d9218f3da5bc929a793d [2ms]
[2022-02-10T10:03:25.189Z] > git symbolic-ref --short HEAD [2ms]
[2022-02-10T10:03:25.197Z] > git for-each-ref --format=%(refname)%00%(upstream:short)%00%(objectname)%00%(upstream:track) refs/heads/main refs/remotes/main [1ms]
[2022-02-10T10:03:25.212Z] > git for-each-ref --sort -committerdate --format %(refname) %(objectname) %(*objectname) [8ms]
[2022-02-10T10:03:25.212Z] > git remote --verbose [1ms]
[2022-02-10T10:03:25.222Z] > git config --get commit.template [1ms]
[2022-02-10T10:03:26.145Z] > git ls-files --stage -- /home/raramuri/Downloads/wordle-clone/index.html [1ms]
[2022-02-10T10:03:26.152Z] > git cat-file -s ab07b68fdd906cd877f757c54223ec8c174e2cca [2ms]
[2022-02-10T10:03:48.323Z] > git ls-files --stage -- /home/raramuri/Downloads/wordle-clone/css/fancy.css [2ms]
[2022-02-10T10:03:48.331Z] > git cat-file -s 63bb434e33d8783991c2d9218f3da5bc929a793d [2ms]
[2022-02-10T10:04:16.423Z] > git symbolic-ref --short HEAD [2ms]
[2022-02-10T10:04:16.431Z] > git for-each-ref --format=%(refname)%00%(upstream:short)%00%(objectname)%00%(upstream:track) refs/heads/main refs/remotes/main [2ms]
[2022-02-10T10:04:16.446Z] > git for-each-ref --sort -committerdate --format %(refname) %(objectname) %(*objectname) [7ms]
[2022-02-10T10:04:16.447Z] > git remote --verbose [2ms]
[2022-02-10T10:04:16.460Z] > git config --get commit.template [3ms]
[2022-02-10T10:04:22.064Z] > git ls-files --stage -- /home/raramuri/Downloads/wordle-clone/index.html [2ms]
[2022-02-10T10:04:22.072Z] > git cat-file -s ab07b68fdd906cd877f757c54223ec8c174e2cca [2ms]
[2022-02-10T10:04:38.137Z] > git ls-files --stage -- /home/raramuri/Downloads/wordle-clone/js/index.js [5ms]
[2022-02-10T10:04:38.148Z] > git cat-file -s f0898be3ac1686d69bc221372444f9423e1548f9 [2ms]
[2022-02-10T10:05:37.770Z] > git ls-files --stage -- /home/raramuri/Downloads/wordle-clone/index.html [1ms]
[2022-02-10T10:05:37.778Z] > git cat-file -s ab07b68fdd906cd877f757c54223ec8c174e2cca [2ms]
[2022-02-10T10:05:40.558Z] > git ls-files --stage -- /home/raramuri/Downloads/wordle-clone/js/index.js [1ms]
[2022-02-10T10:05:40.565Z] > git cat-file -s f0898be3ac1686d69bc221372444f9423e1548f9 [2ms]
[2022-02-10T10:05:41.617Z] > git ls-files --stage -- /home/raramuri/Downloads/wordle-clone/css/fancy.css [14ms]
[2022-02-10T10:05:41.640Z] > git cat-file -s 63bb434e33d8783991c2d9218f3da5bc929a793d [6ms]
[2022-02-10T10:11:26.314Z] > git ls-files --stage -- /home/raramuri/Downloads/wordle-clone/index.html [2ms]
[2022-02-10T10:11:26.322Z] > git cat-file -s ab07b68fdd906cd877f757c54223ec8c174e2cca [2ms]
[2022-02-10T10:11:37.931Z] > git symbolic-ref --short HEAD [2ms]
[2022-02-10T10:11:37.940Z] > git for-each-ref --format=%(refname)%00%(upstream:short)%00%(objectname)%00%(upstream:track) refs/heads/main refs/remotes/main [2ms]
[2022-02-10T10:11:37.954Z] > git for-each-ref --sort -committerdate --format %(refname) %(objectname) %(*objectname) [8ms]
[2022-02-10T10:11:37.954Z] > git remote --verbose [2ms]
[2022-02-10T10:11:37.966Z] > git config --get commit.template [3ms]
[2022-02-10T10:26:28.528Z] > git symbolic-ref --short HEAD [4ms]
[2022-02-10T10:26:28.544Z] > git for-each-ref --format=%(refname)%00%(upstream:short)%00%(objectname)%00%(upstream:track) refs/heads/main refs/remotes/main [5ms]
[2022-02-10T10:26:28.566Z] > git for-each-ref --sort -committerdate --format %(refname) %(objectname) %(*objectname) [11ms]
[2022-02-10T10:26:28.566Z] > git remote --verbose [2ms]
[2022-02-10T10:26:28.580Z] > git config --get commit.template [1ms]
[2022-02-10T10:26:29.997Z] > git ls-files --stage -- /home/raramuri/Downloads/wordle-clone/css/fancy.css [17ms]
[2022-02-10T10:26:30.025Z] > git cat-file -s 63bb434e33d8783991c2d9218f3da5bc929a793d [4ms]
[2022-02-10T10:26:49.540Z] > git symbolic-ref --short HEAD [2ms]
[2022-02-10T10:26:49.547Z] > git for-each-ref --format=%(refname)%00%(upstream:short)%00%(objectname)%00%(upstream:track) refs/heads/main refs/remotes/main [1ms]
[2022-02-10T10:26:49.559Z] > git for-each-ref --sort -committerdate --format %(refname) %(objectname) %(*objectname) [6ms]
[2022-02-10T10:26:49.559Z] > git remote --verbose [1ms]
[2022-02-10T10:26:49.568Z] > git config --get commit.template [1ms]
[2022-02-10T10:26:50.869Z] > git ls-files --stage -- /home/raramuri/Downloads/wordle-clone/index.html [2ms]
[2022-02-10T10:26:50.881Z] > git cat-file -s ab07b68fdd906cd877f757c54223ec8c174e2cca [5ms]
[2022-02-10T10:27:46.702Z] > git ls-files --stage -- /home/raramuri/Downloads/wordle-clone/css/fancy.css [2ms]
[2022-02-10T10:27:46.712Z] > git cat-file -s 63bb434e33d8783991c2d9218f3da5bc929a793d [3ms]
[2022-02-10T10:28:38.331Z] > git ls-files --stage -- /home/raramuri/Downloads/wordle-clone/index.html [2ms]
[2022-02-10T10:28:38.338Z] > git cat-file -s ab07b68fdd906cd877f757c54223ec8c174e2cca [2ms]
[2022-02-10T10:39:03.688Z] > git ls-files --stage -- /home/raramuri/Downloads/wordle-clone/css/style.css [2ms]
[2022-02-10T10:39:03.696Z] > git cat-file -s beb93891a99db0250f8e625882e7b9f3485360dc [2ms]
[2022-02-10T10:39:16.664Z] > git ls-files --stage -- /home/raramuri/Downloads/wordle-clone/index.html [3ms]
[2022-02-10T10:39:16.673Z] > git cat-file -s ab07b68fdd906cd877f757c54223ec8c174e2cca [2ms]
[2022-02-10T10:39:44.026Z] > git symbolic-ref --short HEAD [2ms]
[2022-02-10T10:39:44.035Z] > git for-each-ref --format=%(refname)%00%(upstream:short)%00%(objectname)%00%(upstream:track) refs/heads/main refs/remotes/main [2ms]
[2022-02-10T10:39:44.048Z] > git for-each-ref --sort -committerdate --format %(refname) %(objectname) %(*objectname) [7ms]
[2022-02-10T10:39:44.048Z] > git remote --verbose [1ms]
[2022-02-10T10:39:44.057Z] > git config --get commit.template [1ms]
[2022-02-10T10:40:16.487Z] > git symbolic-ref --short HEAD [2ms]
[2022-02-10T10:40:16.494Z] > git for-each-ref --format=%(refname)%00%(upstream:short)%00%(objectname)%00%(upstream:track) refs/heads/main refs/remotes/main [1ms]
[2022-02-10T10:40:16.507Z] > git for-each-ref --sort -committerdate --format %(refname) %(objectname) %(*objectname) [6ms]
[2022-02-10T10:40:16.508Z] > git remote --verbose [2ms]
[2022-02-10T10:40:16.518Z] > git config --get commit.template [1ms]
[2022-02-10T10:40:37.053Z] > git ls-files --stage -- /home/raramuri/Downloads/wordle-clone/js/index.js [3ms]
[2022-02-10T10:40:37.070Z] > git cat-file -s f0898be3ac1686d69bc221372444f9423e1548f9 [3ms]
[2022-02-10T10:54:40.402Z] > git symbolic-ref --short HEAD [1ms]
[2022-02-10T10:54:40.411Z] > git for-each-ref --format=%(refname)%00%(upstream:short)%00%(objectname)%00%(upstream:track) refs/heads/main refs/remotes/main [2ms]
[2022-02-10T10:54:40.424Z] > git remote --verbose [2ms]
[2022-02-10T10:54:40.424Z] > git for-each-ref --sort -committerdate --format %(refname) %(objectname) %(*objectname) [7ms]
[2022-02-10T10:54:40.438Z] > git config --get commit.template [2ms]
[2022-02-10T10:54:43.926Z] > git ls-files --stage -- /home/raramuri/Downloads/wordle-clone/index.html [2ms]
[2022-02-10T10:54:43.934Z] > git cat-file -s ab07b68fdd906cd877f757c54223ec8c174e2cca [1ms]
[2022-02-10T10:55:28.705Z] > git ls-files --stage -- /home/raramuri/Downloads/wordle-clone/js/index.js [2ms]
[2022-02-10T10:55:28.715Z] > git cat-file -s f0898be3ac1686d69bc221372444f9423e1548f9 [2ms]
[2022-02-10T10:56:24.233Z] > git symbolic-ref --short HEAD [5ms]
[2022-02-10T10:56:24.253Z] > git for-each-ref --format=%(refname)%00%(upstream:short)%00%(objectname)%00%(upstream:track) refs/heads/main refs/remotes/main [3ms]
[2022-02-10T10:56:24.279Z] > git for-each-ref --sort -committerdate --format %(refname) %(objectname) %(*objectname) [13ms]
[2022-02-10T10:56:24.279Z] > git remote --verbose [1ms]
[2022-02-10T10:56:24.291Z] > git config --get commit.template [1ms]
[2022-02-10T10:59:43.277Z] > git symbolic-ref --short HEAD [1ms]
[2022-02-10T10:59:43.286Z] > git for-each-ref --format=%(refname)%00%(upstream:short)%00%(objectname)%00%(upstream:track) refs/heads/main refs/remotes/main [2ms]
[2022-02-10T10:59:43.299Z] > git for-each-ref --sort -committerdate --format %(refname) %(objectname) %(*objectname) [7ms]
[2022-02-10T10:59:43.299Z] > git remote --verbose [1ms]
[2022-02-10T10:59:43.309Z] > git config --get commit.template [1ms]
[2022-02-10T10:59:45.993Z] > git ls-files --stage -- /home/raramuri/Downloads/wordle-clone/index.html [3ms]
[2022-02-10T10:59:46.003Z] > git cat-file -s ab07b68fdd906cd877f757c54223ec8c174e2cca [2ms]
[2022-02-10T10:59:48.333Z] > git symbolic-ref --short HEAD [1ms]
[2022-02-10T10:59:48.341Z] > git for-each-ref --format=%(refname)%00%(upstream:short)%00%(objectname)%00%(upstream:track) refs/heads/main refs/remotes/main [1ms]
[2022-02-10T10:59:48.355Z] > git for-each-ref --sort -committerdate --format %(refname) %(objectname) %(*objectname) [7ms]
[2022-02-10T10:59:48.355Z] > git remote --verbose [1ms]
[2022-02-10T10:59:48.364Z] > git config --get commit.template [2ms]
[2022-02-10T11:00:23.079Z] > git ls-files --stage -- /home/raramuri/Downloads/wordle-clone/js/index.js [1ms]
[2022-02-10T11:00:23.087Z] > git cat-file -s f0898be3ac1686d69bc221372444f9423e1548f9 [1ms]
[2022-02-10T11:14:21.877Z] > git symbolic-ref --short HEAD [7ms]
[2022-02-10T11:14:21.892Z] > git for-each-ref --format=%(refname)%00%(upstream:short)%00%(objectname)%00%(upstream:track) refs/heads/main refs/remotes/main [2ms]
[2022-02-10T11:14:21.912Z] > git for-each-ref --sort -committerdate --format %(refname) %(objectname) %(*objectname) [10ms]
[2022-02-10T11:14:21.912Z] > git remote --verbose [1ms]
[2022-02-10T11:14:21.924Z] > git config --get commit.template [1ms]
[2022-02-10T11:16:51.005Z] > git symbolic-ref --short HEAD [4ms]
[2022-02-10T11:16:51.013Z] > git for-each-ref --format=%(refname)%00%(upstream:short)%00%(objectname)%00%(upstream:track) refs/heads/main refs/remotes/main [1ms]
[2022-02-10T11:16:51.027Z] > git for-each-ref --sort -committerdate --format %(refname) %(objectname) %(*objectname) [7ms]
[2022-02-10T11:16:51.027Z] > git remote --verbose [1ms]
[2022-02-10T11:16:51.036Z] > git config --get commit.template [1ms]
[2022-02-10T11:16:54.585Z] > git ls-files --stage -- /home/raramuri/Downloads/wordle-clone/index.html [1ms]
[2022-02-10T11:16:54.592Z] > git cat-file -s ab07b68fdd906cd877f757c54223ec8c174e2cca [1ms]
[2022-02-10T11:17:23.428Z] > git ls-files --stage -- /home/raramuri/Downloads/wordle-clone/js/index.js [14ms]
[2022-02-10T11:17:23.451Z] > git cat-file -s f0898be3ac1686d69bc221372444f9423e1548f9 [3ms]
[2022-02-10T11:19:41.011Z] > git symbolic-ref --short HEAD [5ms]
[2022-02-10T11:19:41.034Z] > git for-each-ref --format=%(refname)%00%(upstream:short)%00%(objectname)%00%(upstream:track) refs/heads/main refs/remotes/main [5ms]
[2022-02-10T11:19:41.063Z] > git for-each-ref --sort -committerdate --format %(refname) %(objectname) %(*objectname) [11ms]
[2022-02-10T11:19:41.064Z] > git remote --verbose [2ms]
[2022-02-10T11:19:41.074Z] > git config --get commit.template [2ms]
[2022-02-10T11:19:45.266Z] > git ls-files --stage -- /home/raramuri/Downloads/wordle-clone/index.html [1ms]
[2022-02-10T11:19:45.274Z] > git cat-file -s ab07b68fdd906cd877f757c54223ec8c174e2cca [1ms]
[2022-02-10T11:19:46.106Z] > git symbolic-ref --short HEAD [2ms]
[2022-02-10T11:19:46.115Z] > git for-each-ref --format=%(refname)%00%(upstream:short)%00%(objectname)%00%(upstream:track) refs/heads/main refs/remotes/main [2ms]
[2022-02-10T11:19:46.130Z] > git for-each-ref --sort -committerdate --format %(refname) %(objectname) %(*objectname) [9ms]
[2022-02-10T11:19:46.130Z] > git remote --verbose [1ms]
[2022-02-10T11:19:46.141Z] > git config --get commit.template [2ms]
[2022-02-10T11:20:35.859Z] > git ls-files --stage -- /home/raramuri/Downloads/wordle-clone/css/style.css [2ms]
[2022-02-10T11:20:35.871Z] > git cat-file -s beb93891a99db0250f8e625882e7b9f3485360dc [3ms]
[2022-02-10T11:20:44.989Z] > git symbolic-ref --short HEAD [3ms]
[2022-02-10T11:20:44.998Z] > git for-each-ref --format=%(refname)%00%(upstream:short)%00%(objectname)%00%(upstream:track) refs/heads/main refs/remotes/main [1ms]
[2022-02-10T11:20:45.012Z] > git for-each-ref --sort -committerdate --format %(refname) %(objectname) %(*objectname) [7ms]
[2022-02-10T11:20:45.013Z] > git remote --verbose [2ms]
[2022-02-10T11:20:45.023Z] > git config --get commit.template [1ms]
