[2022-02-10 15:03:32.489] [exthost] [info] Extension host with pid 18644 started
[2022-02-10 15:03:32.565] [exthost] [info] ExtensionService#_doActivateExtension vscode.microsoft-authentication, startup: false, activationEvent: 'onAuthenticationRequest:microsoft'
[2022-02-10 15:03:32.587] [exthost] [info] ExtensionService#_doActivateExtension vscode.debug-auto-launch, startup: true, activationEvent: '*'
[2022-02-10 15:03:32.591] [exthost] [info] ExtensionService#_doActivateExtension vscode.git-base, startup: true, activationEvent: '*', root cause: vscode.github
[2022-02-10 15:03:32.594] [exthost] [info] ExtensionService#_doActivateExtension ecmel.vscode-html-css, startup: true, activationEvent: '*'
[2022-02-10 15:03:32.657] [exthost] [info] ExtensionService#_doActivateExtension vscode.git, startup: true, activationEvent: '*'
[2022-02-10 15:03:32.680] [exthost] [info] ExtensionService#_doActivateExtension vscode.github, startup: true, activationEvent: '*'
[2022-02-10 15:03:32.760] [exthost] [info] Eager extensions activated
[2022-02-10 15:03:32.761] [exthost] [info] ExtensionService#_doActivateExtension vscode.github-authentication, startup: false, activationEvent: 'onAuthenticationRequest:github'
[2022-02-10 15:03:32.815] [exthost] [info] ExtensionService#_doActivateExtension vscode.emmet, startup: false, activationEvent: 'onStartupFinished'
[2022-02-10 15:03:32.824] [exthost] [info] ExtensionService#_doActivateExtension vscode.merge-conflict, startup: false, activationEvent: 'onStartupFinished'
[2022-02-10 15:03:32.827] [exthost] [info] ExtensionService#_doActivateExtension formulahendry.code-runner, startup: false, activationEvent: 'onStartupFinished'
[2022-02-10 15:05:06.983] [exthost] [info] extension host terminating: renderer closed the socket
[2022-02-10 15:05:06.991] [exthost] [info] Extension host with pid 18644 exiting with code 0
[2022-02-10 15:05:08.935] [exthost] [info] Extension host with pid 20253 started
[2022-02-10 15:05:08.935] [exthost] [info] Skipping acquiring lock for /home/raramuri/.config/Code/User/workspaceStorage/903ad229760512ba4710a60fda85d810.
[2022-02-10 15:05:09.022] [exthost] [info] ExtensionService#_doActivateExtension vscode.microsoft-authentication, startup: false, activationEvent: 'onAuthenticationRequest:microsoft'
[2022-02-10 15:05:09.042] [exthost] [info] ExtensionService#_doActivateExtension vscode.debug-auto-launch, startup: true, activationEvent: '*'
[2022-02-10 15:05:09.046] [exthost] [info] ExtensionService#_doActivateExtension vscode.git-base, startup: true, activationEvent: '*', root cause: vscode.github
[2022-02-10 15:05:09.049] [exthost] [info] ExtensionService#_doActivateExtension ecmel.vscode-html-css, startup: true, activationEvent: '*'
[2022-02-10 15:05:09.137] [exthost] [info] ExtensionService#_doActivateExtension vscode.git, startup: true, activationEvent: '*'
[2022-02-10 15:05:09.161] [exthost] [info] ExtensionService#_doActivateExtension vscode.github, startup: true, activationEvent: '*'
[2022-02-10 15:05:09.222] [exthost] [info] Eager extensions activated
[2022-02-10 15:05:09.224] [exthost] [info] ExtensionService#_doActivateExtension vscode.github-authentication, startup: false, activationEvent: 'onAuthenticationRequest:github'
[2022-02-10 15:05:09.264] [exthost] [info] ExtensionService#_doActivateExtension vscode.emmet, startup: false, activationEvent: 'onStartupFinished'
[2022-02-10 15:05:09.269] [exthost] [info] ExtensionService#_doActivateExtension vscode.merge-conflict, startup: false, activationEvent: 'onStartupFinished'
[2022-02-10 15:05:09.271] [exthost] [info] ExtensionService#_doActivateExtension formulahendry.code-runner, startup: false, activationEvent: 'onStartupFinished'
[2022-02-10 15:06:53.561] [exthost] [info] ExtensionService#_doActivateExtension vscode.html-language-features, startup: false, activationEvent: 'onLanguage:html'
[2022-02-10 15:06:53.591] [exthost] [info] ExtensionService#_doActivateExtension ritwickdey.LiveServer, startup: false, activationEvent: 'onLanguage:html'
[2022-02-10 15:07:02.341] [exthost] [info] ExtensionService#_doActivateExtension techer.open-in-browser, startup: false, activationEvent: 'onCommand:extension.openInSpecifyBrowser'
[2022-02-10 15:07:55.828] [exthost] [info] ExtensionService#_doActivateExtension vscode.typescript-language-features, startup: false, activationEvent: 'onLanguage:javascript'
[2022-02-10 15:08:25.722] [exthost] [info] ExtensionService#_doActivateExtension vscode.css-language-features, startup: false, activationEvent: 'onLanguage:css'
[2022-02-10 16:10:06.617] [exthost] [error] [ecmel.vscode-html-css] provider FAILED
[2022-02-10 16:10:06.617] [exthost] [error] undefined
[2022-02-10 16:10:07.732] [exthost] [error] [ecmel.vscode-html-css] provider FAILED
[2022-02-10 16:10:07.732] [exthost] [error] undefined
[2022-02-10 16:50:47.327] [exthost] [info] extension host terminating: renderer closed the socket
[2022-02-10 16:50:47.384] [exthost] [info] Extension host with pid 20253 exiting with code 0
