[2022-02-09 16:37:20.394] [exthost] [info] Extension host with pid 6051 started
[2022-02-09 16:37:20.394] [exthost] [info] Skipping acquiring lock for /home/raramuri/.config/Code/User/workspaceStorage/c4f1bd6fce2e5ccb4dda3f4cb8659644.
[2022-02-09 16:37:20.611] [exthost] [info] ExtensionService#_doActivateExtension vscode.typescript-language-features, startup: false, activationEvent: 'onLanguage:javascript'
[2022-02-09 16:37:20.645] [exthost] [info] ExtensionService#_doActivateExtension ritwickdey.LiveServer, startup: false, activationEvent: 'onLanguage:javascript'
[2022-02-09 16:37:20.967] [exthost] [info] ExtensionService#_doActivateExtension vscode.microsoft-authentication, startup: false, activationEvent: 'onAuthenticationRequest:microsoft'
[2022-02-09 16:37:20.994] [exthost] [info] ExtensionService#_doActivateExtension vscode.debug-auto-launch, startup: true, activationEvent: '*'
[2022-02-09 16:37:21.000] [exthost] [info] ExtensionService#_doActivateExtension vscode.git-base, startup: true, activationEvent: '*', root cause: vscode.github
[2022-02-09 16:37:21.012] [exthost] [info] ExtensionService#_doActivateExtension ecmel.vscode-html-css, startup: true, activationEvent: '*'
[2022-02-09 16:37:21.258] [exthost] [info] ExtensionService#_doActivateExtension vscode.git, startup: true, activationEvent: '*'
[2022-02-09 16:37:21.366] [exthost] [info] ExtensionService#_doActivateExtension vscode.github, startup: true, activationEvent: '*'
[2022-02-09 16:37:21.595] [exthost] [info] Eager extensions activated
[2022-02-09 16:37:21.598] [exthost] [info] ExtensionService#_doActivateExtension vscode.github-authentication, startup: false, activationEvent: 'onAuthenticationRequest:github'
[2022-02-09 16:37:21.676] [exthost] [info] ExtensionService#_doActivateExtension vscode.emmet, startup: false, activationEvent: 'onStartupFinished'
[2022-02-09 16:37:21.698] [exthost] [info] ExtensionService#_doActivateExtension vscode.merge-conflict, startup: false, activationEvent: 'onStartupFinished'
[2022-02-09 16:37:21.711] [exthost] [info] ExtensionService#_doActivateExtension formulahendry.code-runner, startup: false, activationEvent: 'onStartupFinished'
[2022-02-09 16:39:16.475] [exthost] [info] ExtensionService#_doActivateExtension vscode.html-language-features, startup: false, activationEvent: 'onLanguage:html'
[2022-02-09 17:09:10.758] [exthost] [info] extension host terminating: renderer closed the socket
[2022-02-09 17:09:10.786] [exthost] [info] Extension host with pid 6051 exiting with code 0
[2022-02-09 17:09:12.789] [exthost] [info] Extension host with pid 7341 started
[2022-02-09 17:09:12.789] [exthost] [info] Skipping acquiring lock for /home/raramuri/.config/Code/User/workspaceStorage/f73fa28ddae820afd48572b3d7020f8d.
[2022-02-09 17:09:12.877] [exthost] [info] ExtensionService#_doActivateExtension vscode.microsoft-authentication, startup: false, activationEvent: 'onAuthenticationRequest:microsoft'
[2022-02-09 17:09:12.895] [exthost] [info] ExtensionService#_doActivateExtension vscode.debug-auto-launch, startup: true, activationEvent: '*'
[2022-02-09 17:09:12.897] [exthost] [info] ExtensionService#_doActivateExtension vscode.git-base, startup: true, activationEvent: '*', root cause: vscode.github
[2022-02-09 17:09:12.900] [exthost] [info] ExtensionService#_doActivateExtension ecmel.vscode-html-css, startup: true, activationEvent: '*'
[2022-02-09 17:09:12.962] [exthost] [info] ExtensionService#_doActivateExtension vscode.git, startup: true, activationEvent: '*'
[2022-02-09 17:09:12.985] [exthost] [info] ExtensionService#_doActivateExtension vscode.github, startup: true, activationEvent: '*'
[2022-02-09 17:09:13.044] [exthost] [info] Eager extensions activated
[2022-02-09 17:09:13.057] [exthost] [info] ExtensionService#_doActivateExtension vscode.github-authentication, startup: false, activationEvent: 'onAuthenticationRequest:github'
[2022-02-09 17:09:13.087] [exthost] [info] ExtensionService#_doActivateExtension vscode.emmet, startup: false, activationEvent: 'onStartupFinished'
[2022-02-09 17:09:13.093] [exthost] [info] ExtensionService#_doActivateExtension vscode.merge-conflict, startup: false, activationEvent: 'onStartupFinished'
[2022-02-09 17:09:13.096] [exthost] [info] ExtensionService#_doActivateExtension formulahendry.code-runner, startup: false, activationEvent: 'onStartupFinished'
[2022-02-09 17:09:22.364] [exthost] [warning] [Decorations] CAPPING events from decorations provider vscode.git 10000
[2022-02-09 17:09:57.373] [exthost] [info] extension host terminating: renderer closed the socket
[2022-02-09 17:09:57.385] [exthost] [info] Extension host with pid 7341 exiting with code 0
[2022-02-09 17:09:59.509] [exthost] [info] Extension host with pid 7425 started
[2022-02-09 17:09:59.509] [exthost] [info] Skipping acquiring lock for /home/raramuri/.config/Code/User/workspaceStorage/c4f1bd6fce2e5ccb4dda3f4cb8659644.
[2022-02-09 17:09:59.679] [exthost] [info] ExtensionService#_doActivateExtension vscode.typescript-language-features, startup: false, activationEvent: 'onLanguage:javascript'
[2022-02-09 17:09:59.699] [exthost] [info] ExtensionService#_doActivateExtension ritwickdey.LiveServer, startup: false, activationEvent: 'onLanguage:javascript'
[2022-02-09 17:09:59.861] [exthost] [info] ExtensionService#_doActivateExtension vscode.microsoft-authentication, startup: false, activationEvent: 'onAuthenticationRequest:microsoft'
[2022-02-09 17:09:59.874] [exthost] [info] ExtensionService#_doActivateExtension vscode.debug-auto-launch, startup: true, activationEvent: '*'
[2022-02-09 17:09:59.876] [exthost] [info] ExtensionService#_doActivateExtension vscode.git-base, startup: true, activationEvent: '*', root cause: vscode.github
[2022-02-09 17:09:59.886] [exthost] [info] ExtensionService#_doActivateExtension ecmel.vscode-html-css, startup: true, activationEvent: '*'
[2022-02-09 17:10:00.173] [exthost] [info] ExtensionService#_doActivateExtension vscode.git, startup: true, activationEvent: '*'
[2022-02-09 17:10:00.218] [exthost] [info] ExtensionService#_doActivateExtension vscode.github, startup: true, activationEvent: '*'
[2022-02-09 17:10:00.329] [exthost] [info] Eager extensions activated
[2022-02-09 17:10:00.331] [exthost] [info] ExtensionService#_doActivateExtension vscode.github-authentication, startup: false, activationEvent: 'onAuthenticationRequest:github'
[2022-02-09 17:10:00.386] [exthost] [info] ExtensionService#_doActivateExtension vscode.emmet, startup: false, activationEvent: 'onStartupFinished'
[2022-02-09 17:10:00.392] [exthost] [info] ExtensionService#_doActivateExtension vscode.merge-conflict, startup: false, activationEvent: 'onStartupFinished'
[2022-02-09 17:10:00.395] [exthost] [info] ExtensionService#_doActivateExtension formulahendry.code-runner, startup: false, activationEvent: 'onStartupFinished'
[2022-02-09 17:10:35.936] [exthost] [info] ExtensionService#_doActivateExtension vscode.html-language-features, startup: false, activationEvent: 'onLanguage:html'
[2022-02-09 17:10:38.199] [exthost] [info] extension host terminating: renderer closed the socket
[2022-02-09 17:10:38.241] [exthost] [info] Extension host with pid 7425 exiting with code 0
