[2022-02-10T11:24:04.259Z] Validating found git in: git
[2022-02-10T11:24:04.303Z] Using git 2.25.1 from git
[2022-02-10T11:24:04.605Z] > git rev-parse --git-dir [54ms]
[2022-02-10T11:24:04.610Z] Open repository: /home/raramuri/Downloads/wordle-clone
[2022-02-10T11:24:04.685Z] > git symbolic-ref --short HEAD [5ms]
[2022-02-10T11:24:04.711Z] > git for-each-ref --format=%(refname)%00%(upstream:short)%00%(objectname)%00%(upstream:track) refs/heads/main refs/remotes/main [7ms]
[2022-02-10T11:24:04.750Z] > git for-each-ref --sort -committerdate --format %(refname) %(objectname) %(*objectname) [11ms]
[2022-02-10T11:24:04.751Z] > git remote --verbose [4ms]
[2022-02-10T11:24:04.767Z] > git config --get commit.template [4ms]
[2022-02-10T11:24:05.162Z] > git ls-files --stage -- /home/raramuri/Downloads/wordle-clone/css/fancy.css [3ms]
[2022-02-10T11:24:05.170Z] > git cat-file -s 63bb434e33d8783991c2d9218f3da5bc929a793d [2ms]
[2022-02-10T11:24:30.864Z] > git ls-files --stage -- /home/raramuri/Downloads/wordle-clone/css/style.css [4ms]
[2022-02-10T11:24:30.873Z] > git cat-file -s beb93891a99db0250f8e625882e7b9f3485360dc [2ms]
[2022-02-10T11:24:31.382Z] > git symbolic-ref --short HEAD [2ms]
[2022-02-10T11:24:31.391Z] > git for-each-ref --format=%(refname)%00%(upstream:short)%00%(objectname)%00%(upstream:track) refs/heads/main refs/remotes/main [3ms]
[2022-02-10T11:24:31.405Z] > git for-each-ref --sort -committerdate --format %(refname) %(objectname) %(*objectname) [8ms]
[2022-02-10T11:24:31.409Z] > git remote --verbose [5ms]
[2022-02-10T11:24:31.418Z] > git config --get commit.template [1ms]
[2022-02-10T11:24:59.432Z] > git ls-files --stage -- /home/raramuri/Downloads/wordle-clone/css/keyboard.css [3ms]
[2022-02-10T11:25:00.274Z] > git symbolic-ref --short HEAD [2ms]
[2022-02-10T11:25:00.281Z] > git for-each-ref --format=%(refname)%00%(upstream:short)%00%(objectname)%00%(upstream:track) refs/heads/main refs/remotes/main [1ms]
[2022-02-10T11:25:00.291Z] > git for-each-ref --sort -committerdate --format %(refname) %(objectname) %(*objectname) [5ms]
[2022-02-10T11:25:00.292Z] > git remote --verbose [2ms]
[2022-02-10T11:25:00.302Z] > git config --get commit.template [1ms]
