[2022-02-10T04:11:00.883Z] Validating found git in: git
[2022-02-10T04:11:01.106Z] Using git 2.25.1 from git
[2022-02-10T04:11:01.161Z] > git rev-parse --git-dir [2ms]
[2022-02-10T04:11:01.166Z] Open repository: /home/raramuri
[2022-02-10T04:11:02.226Z] > git ls-files --stage -- /home/raramuri/Downloads/wordle-clone-main/js/index.js [12ms]
[2022-02-10T04:11:12.668Z] > git symbolic-ref --short HEAD [2ms]
[2022-02-10T04:11:12.677Z] > git for-each-ref --format=%(refname)%00%(upstream:short)%00%(objectname)%00%(upstream:track) refs/heads/master refs/remotes/master [3ms]
[2022-02-10T04:11:12.694Z] > git for-each-ref --sort -committerdate --format %(refname) %(objectname) %(*objectname) [9ms]
[2022-02-10T04:11:12.696Z] > git remote --verbose [3ms]
[2022-02-10T04:11:14.707Z] > git config --get commit.template [13ms]
[2022-02-10T06:57:42.857Z] > git ls-files --stage -- /home/raramuri/Downloads/wordle-clone-main/index.html [4ms]
[2022-02-10T06:58:46.448Z] > git ls-files --stage -- /home/raramuri/Downloads/wordle-clone-main/js/lib/domWork.js [3ms]
[2022-02-10T06:58:48.532Z] > git ls-files --stage -- /home/raramuri/Downloads/wordle-clone-main/js/lib/words.js [2ms]
[2022-02-10T06:58:55.182Z] > git ls-files --stage -- /home/raramuri/Downloads/wordle-clone-main/css/style.css [1ms]
[2022-02-10T06:58:56.449Z] > git ls-files --stage -- /home/raramuri/Downloads/wordle-clone-main/js/lib/domWork.js [3ms]
[2022-02-10T06:58:59.248Z] > git ls-files --stage -- /home/raramuri/Downloads/wordle-clone-main/js/index.js [3ms]
[2022-02-10T07:07:06.731Z] > git ls-files --stage -- /home/raramuri/Downloads/wordle-clone-main/css/style.css [7ms]
[2022-02-10T07:07:13.504Z] > git ls-files --stage -- /home/raramuri/Downloads/wordle-clone-main/js/index.js [4ms]
[2022-02-10T07:07:41.868Z] > git ls-files --stage -- /home/raramuri/Downloads/wordle-clone-main/js/lib/words.js [1ms]
[2022-02-10T07:07:43.338Z] > git ls-files --stage -- /home/raramuri/Downloads/wordle-clone-main/js/index.js [3ms]
[2022-02-10T07:16:21.134Z] > git ls-files --stage -- /home/raramuri/Downloads/wordle-clone-main/js/lib/words.js [4ms]
[2022-02-10T07:16:22.389Z] > git ls-files --stage -- /home/raramuri/Downloads/wordle-clone-main/js/lib/domWork.js [2ms]
[2022-02-10T07:16:23.873Z] > git ls-files --stage -- /home/raramuri/Downloads/wordle-clone-main/css/style.css [1ms]
[2022-02-10T07:17:22.336Z] > git ls-files --stage -- /home/raramuri/Downloads/wordle-clone-main/js/index.js [1ms]
[2022-02-10T07:17:30.132Z] > git ls-files --stage -- /home/raramuri/Downloads/wordle-clone-main/index.html [3ms]
[2022-02-10T07:18:21.840Z] > git ls-files --stage -- /home/raramuri/Downloads/wordle-clone-main/js/index.js [8ms]
[2022-02-10T07:18:25.897Z] > git ls-files --stage -- /home/raramuri/Downloads/wordle-clone-main/index.html [4ms]
[2022-02-10T07:18:34.840Z] > git ls-files --stage -- /home/raramuri/Downloads/wordle-clone-main/js/lib/words.js [2ms]
[2022-02-10T07:18:37.840Z] > git ls-files --stage -- /home/raramuri/Downloads/wordle-clone-main/index.html [1ms]
[2022-02-10T07:18:48.699Z] > git ls-files --stage -- /home/raramuri/Downloads/wordle-clone-main/js/index.js [19ms]
[2022-02-10T07:19:54.603Z] > git ls-files --stage -- /home/raramuri/Downloads/wordle-clone-main/index.html [2ms]
[2022-02-10T07:20:31.337Z] > git ls-files --stage -- /home/raramuri/Downloads/wordle-clone-main/js/lib/domWork.js [5ms]
[2022-02-10T07:20:32.203Z] > git ls-files --stage -- /home/raramuri/Downloads/wordle-clone-main/js/lib/words.js [1ms]
[2022-02-10T07:20:34.282Z] > git ls-files --stage -- /home/raramuri/Downloads/wordle-clone-main/js/index.js [2ms]
[2022-02-10T07:24:23.359Z] > git ls-files --stage -- /home/raramuri/Downloads/wordle-clone-main/index.html [1ms]
